{
  "RSpec": {
    "coverage": {
      "/Users/lajibolala/Documents/aoom-academy-quest/app/helpers/application_helper.rb": {
        "lines": [
          1,
          null
        ]
      },
      "/Users/lajibolala/Documents/aoom-academy-quest/app/helpers/brag_documents_helper.rb": {
        "lines": [
          1,
          null
        ]
      },
      "/Users/lajibolala/Documents/aoom-academy-quest/app/helpers/quests_helper.rb": {
        "lines": [
          1,
          null
        ]
      },
      "/Users/lajibolala/Documents/aoom-academy-quest/app/models/quest.rb": {
        "lines": [
          1,
          1,
          null,
          3,
          3,
          null
        ]
      },
      "/Users/lajibolala/Documents/aoom-academy-quest/app/models/application_record.rb": {
        "lines": [
          1,
          1,
          null
        ]
      },
      "/Users/lajibolala/Documents/aoom-academy-quest/app/controllers/quests_controller.rb": {
        "lines": [
          1,
          1,
          1,
          null,
          1,
          5,
          null,
          null,
          1,
          7,
          null,
          7,
          4,
          7,
          4,
          null,
          null,
          3,
          5,
          4,
          null,
          null,
          null,
          null,
          1,
          6,
          6,
          11,
          6,
          null,
          null,
          null,
          1,
          6,
          6,
          11,
          6,
          null,
          null,
          null,
          1,
          null,
          1,
          14,
          null,
          null,
          1,
          24,
          null,
          null,
          1,
          7,
          null,
          null
        ]
      },
      "/Users/lajibolala/Documents/aoom-academy-quest/app/controllers/application_controller.rb": {
        "lines": [
          1,
          null,
          null,
          null
        ]
      },
      "/Users/lajibolala/Documents/aoom-academy-quest/app/controllers/brag_documents_controller.rb": {
        "lines": [
          0,
          0,
          0,
          0
        ],
        "branches": {}
      }
    },
    "timestamp": 1755685974
  }
}
